<?xml version="1.0" encoding="UTF-8"?>
<!-- Generated by org.testng.reporters.JUnitReportReporter -->
<testsuite hostname="DESKTOP-391RD96" failures="0" tests="1" name="yatra.tests.SearchTest" time="10.637" errors="0" timestamp="2025-09-04T22:38:51 IST" skipped="0">
  <testcase classname="yatra.tests.SearchTest" name="selectLowestPriceInLeftCalendar" time="10.637"/>
</testsuite> <!-- yatra.tests.SearchTest -->
